<?xml version="1.0" encoding="UTF-8"?>
<testng-results ignored="0" total="1" passed="1" failed="0" skipped="0">
  <reporter-output>
  </reporter-output>
  <suite started-at="2023-03-17T21:15:01 WIB" name="Command line suite" finished-at="2023-03-17T21:15:01 WIB" duration-ms="28">
    <groups>
    </groups>
    <test started-at="2023-03-17T21:15:01 WIB" name="Command line test" finished-at="2023-03-17T21:15:01 WIB" duration-ms="28">
      <class name="qa.AppiumTest">
        <test-method signature="Android()[pri:0, instance:qa.AppiumTest@255b53dc]" started-at="2023-03-17T21:15:01 WIB" name="Android" finished-at="2023-03-17T21:15:01 WIB" duration-ms="2" status="PASS">
          <reporter-output>
          </reporter-output>
        </test-method> <!-- Android -->
      </class> <!-- qa.AppiumTest -->
    </test> <!-- Command line test -->
  </suite> <!-- Command line suite -->
</testng-results>
