<?xml version="1.0" encoding="UTF-8"?>
<testng-results ignored="0" total="1" passed="1" failed="0" skipped="0">
  <reporter-output>
  </reporter-output>
  <suite started-at="2023-03-18T08:38:41 WIB" name="mycompany.qa.Android.AppiumTest" finished-at="2023-03-18T08:38:41 WIB" duration-ms="36">
    <groups>
    </groups>
    <test started-at="2023-03-18T08:38:41 WIB" name="Command line test" finished-at="2023-03-18T08:38:41 WIB" duration-ms="36">
      <class name="mycompany.qa.Android.AppiumTest">
        <test-method signature="Android()[pri:0, instance:mycompany.qa.Android.AppiumTest@4d49af10]" started-at="2023-03-18T08:38:41 WIB" name="Android" finished-at="2023-03-18T08:38:41 WIB" duration-ms="4" status="PASS">
          <reporter-output>
          </reporter-output>
        </test-method> <!-- Android -->
      </class> <!-- mycompany.qa.Android.AppiumTest -->
    </test> <!-- Command line test -->
  </suite> <!-- mycompany.qa.Android.AppiumTest -->
</testng-results>
