<?xml version="1.0" encoding="UTF-8"?>
<testng-results ignored="0" total="1" passed="1" failed="0" skipped="0">
  <reporter-output>
  </reporter-output>
  <suite started-at="2023-03-18T06:21:01 WIB" name="qa.AppiumTest" finished-at="2023-03-18T06:21:01 WIB" duration-ms="51">
    <groups>
    </groups>
    <test started-at="2023-03-18T06:21:01 WIB" name="Command line test" finished-at="2023-03-18T06:21:01 WIB" duration-ms="51">
      <class name="qa.AppiumTest">
        <test-method signature="Android()[pri:0, instance:qa.AppiumTest@4d49af10]" started-at="2023-03-18T06:21:01 WIB" name="Android" finished-at="2023-03-18T06:21:01 WIB" duration-ms="5" status="PASS">
          <reporter-output>
          </reporter-output>
        </test-method> <!-- Android -->
      </class> <!-- qa.AppiumTest -->
    </test> <!-- Command line test -->
  </suite> <!-- qa.AppiumTest -->
</testng-results>
